{"/Users/alexanderkim/Desktop/HackReactor/Main-Media-Player/client/src/index.jsx": {"path":"/Users/alexanderkim/Desktop/HackReactor/Main-Media-Player/client/src/index.jsx","statementMap":{"0":{"start":{"line":5,"column":0},"end":{"line":5,"column":57}}},"fnMap":{},"branchMap":{},"s":{"0":0},"f":{},"b":{}}
,"/Users/alexanderkim/Desktop/HackReactor/Main-Media-Player/client/src/components/App.jsx": {"path":"/Users/alexanderkim/Desktop/HackReactor/Main-Media-Player/client/src/components/App.jsx","statementMap":{"0":{"start":{"line":10,"column":4},"end":{"line":10,"column":17}},"1":{"start":{"line":12,"column":4},"end":{"line":14,"column":5}},"2":{"start":{"line":19,"column":4},"end":{"line":30,"column":9}},"3":{"start":{"line":21,"column":8},"end":{"line":21,"column":31}},"4":{"start":{"line":24,"column":8},"end":{"line":26,"column":11}},"5":{"start":{"line":29,"column":8},"end":{"line":29,"column":27}},"6":{"start":{"line":34,"column":4},"end":{"line":56,"column":6}},"7":{"start":{"line":62,"column":26},"end":{"line":76,"column":1}},"8":{"start":{"line":78,"column":28},"end":{"line":82,"column":1}},"9":{"start":{"line":84,"column":16},"end":{"line":89,"column":1}},"10":{"start":{"line":91,"column":14},"end":{"line":95,"column":1}},"11":{"start":{"line":97,"column":25},"end":{"line":101,"column":1}}},"fnMap":{"0":{"name":"(anonymous_0)","decl":{"start":{"line":9,"column":2},"end":{"line":9,"column":3}},"loc":{"start":{"line":9,"column":21},"end":{"line":15,"column":3}},"line":9},"1":{"name":"(anonymous_1)","decl":{"start":{"line":18,"column":2},"end":{"line":18,"column":3}},"loc":{"start":{"line":18,"column":22},"end":{"line":31,"column":3}},"line":18},"2":{"name":"(anonymous_2)","decl":{"start":{"line":20,"column":12},"end":{"line":20,"column":13}},"loc":{"start":{"line":20,"column":24},"end":{"line":22,"column":7}},"line":20},"3":{"name":"(anonymous_3)","decl":{"start":{"line":23,"column":12},"end":{"line":23,"column":13}},"loc":{"start":{"line":23,"column":21},"end":{"line":27,"column":7}},"line":23},"4":{"name":"(anonymous_4)","decl":{"start":{"line":28,"column":13},"end":{"line":28,"column":14}},"loc":{"start":{"line":28,"column":22},"end":{"line":30,"column":7}},"line":28},"5":{"name":"(anonymous_5)","decl":{"start":{"line":33,"column":2},"end":{"line":33,"column":3}},"loc":{"start":{"line":33,"column":11},"end":{"line":57,"column":3}},"line":33}},"branchMap":{"0":{"loc":{"start":{"line":39,"column":11},"end":{"line":39,"column":89}},"type":"cond-expr","locations":[{"start":{"line":39,"column":37},"end":{"line":39,"column":44}},{"start":{"line":39,"column":47},"end":{"line":39,"column":89}}],"line":39},"1":{"loc":{"start":{"line":43,"column":11},"end":{"line":43,"column":86}},"type":"cond-expr","locations":[{"start":{"line":43,"column":37},"end":{"line":43,"column":44}},{"start":{"line":43,"column":47},"end":{"line":43,"column":86}}],"line":43}},"s":{"0":1,"1":1,"2":1,"3":0,"4":0,"5":0,"6":1,"7":1,"8":1,"9":1,"10":1,"11":1},"f":{"0":1,"1":1,"2":0,"3":0,"4":0,"5":1},"b":{"0":[1,0],"1":[1,0]},"_coverageSchema":"1a1c01bbd47fc00a2c39e90264f33305004495a9","hash":"f30a69de2870b0a833a1173d6c2db9000962a451"}
,"/Users/alexanderkim/Desktop/HackReactor/Main-Media-Player/client/src/components/albumpicture/AlbumPictureApp.jsx": {"path":"/Users/alexanderkim/Desktop/HackReactor/Main-Media-Player/client/src/components/albumpicture/AlbumPictureApp.jsx","statementMap":{},"fnMap":{},"branchMap":{},"s":{},"f":{},"b":{}}
,"/Users/alexanderkim/Desktop/HackReactor/Main-Media-Player/client/src/components/comments/CommentsApp.jsx": {"path":"/Users/alexanderkim/Desktop/HackReactor/Main-Media-Player/client/src/components/comments/CommentsApp.jsx","statementMap":{},"fnMap":{},"branchMap":{},"s":{},"f":{},"b":{}}
,"/Users/alexanderkim/Desktop/HackReactor/Main-Media-Player/client/src/components/datetag/DateTagApp.jsx": {"path":"/Users/alexanderkim/Desktop/HackReactor/Main-Media-Player/client/src/components/datetag/DateTagApp.jsx","statementMap":{"0":{"start":{"line":5,"column":19},"end":{"line":24,"column":3}},"1":{"start":{"line":6,"column":23},"end":{"line":6,"column":50}},"2":{"start":{"line":7,"column":24},"end":{"line":7,"column":34}},"3":{"start":{"line":8,"column":21},"end":{"line":8,"column":55}},"4":{"start":{"line":10,"column":21},"end":{"line":10,"column":64}},"5":{"start":{"line":13,"column":4},"end":{"line":23,"column":5}},"6":{"start":{"line":14,"column":6},"end":{"line":14,"column":101}},"7":{"start":{"line":16,"column":11},"end":{"line":23,"column":5}},"8":{"start":{"line":17,"column":19},"end":{"line":17,"column":42}},"9":{"start":{"line":18,"column":6},"end":{"line":18,"column":75}},"10":{"start":{"line":21,"column":18},"end":{"line":21,"column":42}},"11":{"start":{"line":22,"column":6},"end":{"line":22,"column":70}},"12":{"start":{"line":26,"column":2},"end":{"line":31,"column":4}},"13":{"start":{"line":36,"column":18},"end":{"line":41,"column":1}},"14":{"start":{"line":43,"column":14},"end":{"line":47,"column":1}},"15":{"start":{"line":49,"column":12},"end":{"line":55,"column":1}}},"fnMap":{"0":{"name":"DateTagApp","decl":{"start":{"line":4,"column":9},"end":{"line":4,"column":19}},"loc":{"start":{"line":4,"column":27},"end":{"line":32,"column":1}},"line":4},"1":{"name":"(anonymous_1)","decl":{"start":{"line":5,"column":19},"end":{"line":5,"column":20}},"loc":{"start":{"line":5,"column":25},"end":{"line":24,"column":3}},"line":5}},"branchMap":{"0":{"loc":{"start":{"line":13,"column":4},"end":{"line":23,"column":5}},"type":"if","locations":[{"start":{"line":13,"column":4},"end":{"line":23,"column":5}},{"start":{"line":13,"column":4},"end":{"line":23,"column":5}}],"line":13},"1":{"loc":{"start":{"line":14,"column":13},"end":{"line":14,"column":100}},"type":"cond-expr","locations":[{"start":{"line":14,"column":30},"end":{"line":14,"column":63}},{"start":{"line":14,"column":66},"end":{"line":14,"column":100}}],"line":14},"2":{"loc":{"start":{"line":16,"column":11},"end":{"line":23,"column":5}},"type":"if","locations":[{"start":{"line":16,"column":11},"end":{"line":23,"column":5}},{"start":{"line":16,"column":11},"end":{"line":23,"column":5}}],"line":16},"3":{"loc":{"start":{"line":16,"column":15},"end":{"line":16,"column":47}},"type":"binary-expr","locations":[{"start":{"line":16,"column":15},"end":{"line":16,"column":28}},{"start":{"line":16,"column":32},"end":{"line":16,"column":47}}],"line":16},"4":{"loc":{"start":{"line":18,"column":13},"end":{"line":18,"column":74}},"type":"cond-expr","locations":[{"start":{"line":18,"column":28},"end":{"line":18,"column":49}},{"start":{"line":18,"column":52},"end":{"line":18,"column":74}}],"line":18},"5":{"loc":{"start":{"line":22,"column":13},"end":{"line":22,"column":69}},"type":"cond-expr","locations":[{"start":{"line":22,"column":27},"end":{"line":22,"column":46}},{"start":{"line":22,"column":49},"end":{"line":22,"column":69}}],"line":22}},"s":{"0":0,"1":0,"2":0,"3":0,"4":0,"5":0,"6":0,"7":0,"8":0,"9":0,"10":0,"11":0,"12":0,"13":1,"14":1,"15":1},"f":{"0":0,"1":0},"b":{"0":[0,0],"1":[0,0],"2":[0,0],"3":[0,0],"4":[0,0],"5":[0,0]},"_coverageSchema":"1a1c01bbd47fc00a2c39e90264f33305004495a9","hash":"88187fb457240ce48a171e68d92683d483edde7b"}
,"/Users/alexanderkim/Desktop/HackReactor/Main-Media-Player/client/src/components/playbutton/PlayButtonApp.jsx": {"path":"/Users/alexanderkim/Desktop/HackReactor/Main-Media-Player/client/src/components/playbutton/PlayButtonApp.jsx","statementMap":{"0":{"start":{"line":5,"column":2},"end":{"line":9,"column":4}},"1":{"start":{"line":13,"column":24},"end":{"line":25,"column":1}}},"fnMap":{"0":{"name":"PlayButtonApp","decl":{"start":{"line":4,"column":9},"end":{"line":4,"column":22}},"loc":{"start":{"line":4,"column":30},"end":{"line":10,"column":1}},"line":4}},"branchMap":{},"s":{"0":0,"1":1},"f":{"0":0},"b":{},"_coverageSchema":"1a1c01bbd47fc00a2c39e90264f33305004495a9","hash":"6ebae6b4f3db53709205831486026334cd6d996e"}
,"/Users/alexanderkim/Desktop/HackReactor/Main-Media-Player/client/src/components/songartist/SongArtistApp.jsx": {"path":"/Users/alexanderkim/Desktop/HackReactor/Main-Media-Player/client/src/components/songartist/SongArtistApp.jsx","statementMap":{"0":{"start":{"line":5,"column":2},"end":{"line":12,"column":4}},"1":{"start":{"line":15,"column":18},"end":{"line":21,"column":1}},"2":{"start":{"line":23,"column":15},"end":{"line":28,"column":1}},"3":{"start":{"line":30,"column":18},"end":{"line":36,"column":1}}},"fnMap":{"0":{"name":"SongArtistApp","decl":{"start":{"line":4,"column":9},"end":{"line":4,"column":22}},"loc":{"start":{"line":4,"column":30},"end":{"line":13,"column":1}},"line":4}},"branchMap":{},"s":{"0":0,"1":1,"2":1,"3":1},"f":{"0":0},"b":{},"_coverageSchema":"1a1c01bbd47fc00a2c39e90264f33305004495a9","hash":"733e26ad4f4be4c2cba4439e57bd0ed2b7e57cb0"}
,"/Users/alexanderkim/Desktop/HackReactor/Main-Media-Player/client/src/components/waveform/WaveFormApp.jsx": {"path":"/Users/alexanderkim/Desktop/HackReactor/Main-Media-Player/client/src/components/waveform/WaveFormApp.jsx","statementMap":{},"fnMap":{},"branchMap":{},"s":{},"f":{},"b":{}}
}
