TN:
SF:client/src/index.jsx
FNF:0
FNH:0
DA:5,0
LF:1
LH:0
BRF:0
BRH:0
end_of_record
TN:
SF:client/src/components/App.jsx
FN:9,(anonymous_0)
FN:18,(anonymous_1)
FN:20,(anonymous_2)
FN:23,(anonymous_3)
FN:28,(anonymous_4)
FN:33,(anonymous_5)
FNF:6
FNH:3
FNDA:1,(anonymous_0)
FNDA:1,(anonymous_1)
FNDA:0,(anonymous_2)
FNDA:0,(anonymous_3)
FNDA:0,(anonymous_4)
FNDA:1,(anonymous_5)
DA:10,1
DA:12,1
DA:19,1
DA:21,0
DA:24,0
DA:29,0
DA:34,1
DA:62,1
DA:78,1
DA:84,1
DA:91,1
DA:97,1
LF:12
LH:9
BRDA:39,0,0,1
BRDA:39,0,1,0
BRDA:43,1,0,1
BRDA:43,1,1,0
BRF:4
BRH:2
end_of_record
TN:
SF:client/src/components/albumpicture/AlbumPictureApp.jsx
FNF:0
FNH:0
LF:0
LH:0
BRF:0
BRH:0
end_of_record
TN:
SF:client/src/components/comments/CommentsApp.jsx
FNF:0
FNH:0
LF:0
LH:0
BRF:0
BRH:0
end_of_record
TN:
SF:client/src/components/datetag/DateTagApp.jsx
FN:4,DateTagApp
FN:5,(anonymous_1)
FNF:2
FNH:0
FNDA:0,DateTagApp
FNDA:0,(anonymous_1)
DA:5,0
DA:6,0
DA:7,0
DA:8,0
DA:10,0
DA:13,0
DA:14,0
DA:16,0
DA:17,0
DA:18,0
DA:21,0
DA:22,0
DA:26,0
DA:36,1
DA:43,1
DA:49,1
LF:16
LH:3
BRDA:13,0,0,0
BRDA:13,0,1,0
BRDA:14,1,0,0
BRDA:14,1,1,0
BRDA:16,2,0,0
BRDA:16,2,1,0
BRDA:16,3,0,0
BRDA:16,3,1,0
BRDA:18,4,0,0
BRDA:18,4,1,0
BRDA:22,5,0,0
BRDA:22,5,1,0
BRF:12
BRH:0
end_of_record
TN:
SF:client/src/components/playbutton/PlayButtonApp.jsx
FN:4,PlayButtonApp
FNF:1
FNH:0
FNDA:0,PlayButtonApp
DA:5,0
DA:13,1
LF:2
LH:1
BRF:0
BRH:0
end_of_record
TN:
SF:client/src/components/songartist/SongArtistApp.jsx
FN:4,SongArtistApp
FNF:1
FNH:0
FNDA:0,SongArtistApp
DA:5,0
DA:15,1
DA:23,1
DA:30,1
LF:4
LH:3
BRF:0
BRH:0
end_of_record
TN:
SF:client/src/components/waveform/WaveFormApp.jsx
FNF:0
FNH:0
LF:0
LH:0
BRF:0
BRH:0
end_of_record
